-- The C compiler identification is GNU 13.3.0
-- The CXX compiler identification is GNU 13.3.0
-- Detecting C compiler ABI info
-- Detecting C compiler ABI info - done
-- Check for working C compiler: /usr/bin/cc - skipped
-- Detecting C compile features
-- Detecting C compile features - done
-- Detecting CXX compiler ABI info
-- Detecting CXX compiler ABI info - done
-- Check for working CXX compiler: /usr/bin/c++ - skipped
-- Detecting CXX compile features
-- Detecting CXX compile features - done
-- Found ament_cmake: 2.5.3 (/opt/ros/jazzy/share/ament_cmake/cmake)
-- Found Python3: /usr/bin/python3 (found version "3.12.3") found components: Interpreter 
-- Found ament_lint_auto: 0.17.2 (/opt/ros/jazzy/share/ament_lint_auto/cmake)
-- Added test 'lint_cmake' to check CMake code style
-- Added test 'xmllint' to check XML markup files
-- Configuring done (0.9s)
-- Generating done (0.0s)
-- Build files have been written to: /workspace/src/build/interfaces
-- Install configuration: ""
-- Installing: /workspace/src/install/interfaces/share/ament_index/resource_index/package_run_dependencies/interfaces
-- Installing: /workspace/src/install/interfaces/share/ament_index/resource_index/parent_prefix_path/interfaces
-- Installing: /workspace/src/install/interfaces/share/interfaces/environment/ament_prefix_path.sh
-- Installing: /workspace/src/install/interfaces/share/interfaces/environment/ament_prefix_path.dsv
-- Installing: /workspace/src/install/interfaces/share/interfaces/environment/path.sh
-- Installing: /workspace/src/install/interfaces/share/interfaces/environment/path.dsv
-- Installing: /workspace/src/install/interfaces/share/interfaces/local_setup.bash
-- Installing: /workspace/src/install/interfaces/share/interfaces/local_setup.sh
-- Installing: /workspace/src/install/interfaces/share/interfaces/local_setup.zsh
-- Installing: /workspace/src/install/interfaces/share/interfaces/local_setup.dsv
-- Installing: /workspace/src/install/interfaces/share/interfaces/package.dsv
-- Installing: /workspace/src/install/interfaces/share/ament_index/resource_index/packages/interfaces
-- Installing: /workspace/src/install/interfaces/share/interfaces/cmake/interfacesConfig.cmake
-- Installing: /workspace/src/install/interfaces/share/interfaces/cmake/interfacesConfig-version.cmake
-- Installing: /workspace/src/install/interfaces/share/interfaces/package.xml
