[0.009s] Invoking command in '/workspace/src/build/interfaces': CMAKE_PREFIX_PATH=${CMAKE_PREFIX_PATH}:/workspace/install/py_srvcli:/workspace/install/py_pubsub:/workspace/install/phidget:/workspace/install/master:/workspace/install/detection:/workspace/install/controller:/workspace/install/camera:/workspace/install/autoDrive:/opt/ros/jazzy /usr/bin/cmake /workspace/src/interfaces -DCMAKE_INSTALL_PREFIX=/workspace/src/install/interfaces
[0.124s] -- The C compiler identification is GNU 13.3.0
[0.227s] -- The CXX compiler identification is GNU 13.3.0
[0.243s] -- Detecting C compiler ABI info
[0.323s] -- Detecting C compiler ABI info - done
[0.331s] -- Check for working C compiler: /usr/bin/cc - skipped
[0.331s] -- Detecting C compile features
[0.332s] -- Detecting C compile features - done
[0.340s] -- Detecting CXX compiler ABI info
[0.518s] -- Detecting CXX compiler ABI info - done
[0.537s] -- Check for working CXX compiler: /usr/bin/c++ - skipped
[0.538s] -- Detecting CXX compile features
[0.538s] -- Detecting CXX compile features - done
[0.546s] -- Found ament_cmake: 2.5.3 (/opt/ros/jazzy/share/ament_cmake/cmake)
[0.662s] -- Found Python3: /usr/bin/python3 (found version "3.12.3") found components: Interpreter 
[0.787s] -- Found ament_lint_auto: 0.17.2 (/opt/ros/jazzy/share/ament_lint_auto/cmake)
[0.888s] -- Added test 'lint_cmake' to check CMake code style
[0.890s] -- Added test 'xmllint' to check XML markup files
[0.892s] -- Configuring done (0.9s)
[0.894s] -- Generating done (0.0s)
[0.895s] -- Build files have been written to: /workspace/src/build/interfaces
[0.898s] Invoked command in '/workspace/src/build/interfaces' returned '0': CMAKE_PREFIX_PATH=${CMAKE_PREFIX_PATH}:/workspace/install/py_srvcli:/workspace/install/py_pubsub:/workspace/install/phidget:/workspace/install/master:/workspace/install/detection:/workspace/install/controller:/workspace/install/camera:/workspace/install/autoDrive:/opt/ros/jazzy /usr/bin/cmake /workspace/src/interfaces -DCMAKE_INSTALL_PREFIX=/workspace/src/install/interfaces
[0.899s] Invoking command in '/workspace/src/build/interfaces': CMAKE_PREFIX_PATH=${CMAKE_PREFIX_PATH}:/workspace/install/py_srvcli:/workspace/install/py_pubsub:/workspace/install/phidget:/workspace/install/master:/workspace/install/detection:/workspace/install/controller:/workspace/install/camera:/workspace/install/autoDrive:/opt/ros/jazzy /usr/bin/cmake --build /workspace/src/build/interfaces -- -j8 -l8
[0.929s] Invoked command in '/workspace/src/build/interfaces' returned '0': CMAKE_PREFIX_PATH=${CMAKE_PREFIX_PATH}:/workspace/install/py_srvcli:/workspace/install/py_pubsub:/workspace/install/phidget:/workspace/install/master:/workspace/install/detection:/workspace/install/controller:/workspace/install/camera:/workspace/install/autoDrive:/opt/ros/jazzy /usr/bin/cmake --build /workspace/src/build/interfaces -- -j8 -l8
[0.937s] Invoking command in '/workspace/src/build/interfaces': CMAKE_PREFIX_PATH=${CMAKE_PREFIX_PATH}:/workspace/install/py_srvcli:/workspace/install/py_pubsub:/workspace/install/phidget:/workspace/install/master:/workspace/install/detection:/workspace/install/controller:/workspace/install/camera:/workspace/install/autoDrive:/opt/ros/jazzy /usr/bin/cmake --install /workspace/src/build/interfaces
[0.944s] -- Install configuration: ""
[0.944s] -- Installing: /workspace/src/install/interfaces/share/ament_index/resource_index/package_run_dependencies/interfaces
[0.944s] -- Installing: /workspace/src/install/interfaces/share/ament_index/resource_index/parent_prefix_path/interfaces
[0.944s] -- Installing: /workspace/src/install/interfaces/share/interfaces/environment/ament_prefix_path.sh
[0.944s] -- Installing: /workspace/src/install/interfaces/share/interfaces/environment/ament_prefix_path.dsv
[0.944s] -- Installing: /workspace/src/install/interfaces/share/interfaces/environment/path.sh
[0.944s] -- Installing: /workspace/src/install/interfaces/share/interfaces/environment/path.dsv
[0.944s] -- Installing: /workspace/src/install/interfaces/share/interfaces/local_setup.bash
[0.944s] -- Installing: /workspace/src/install/interfaces/share/interfaces/local_setup.sh
[0.944s] -- Installing: /workspace/src/install/interfaces/share/interfaces/local_setup.zsh
[0.944s] -- Installing: /workspace/src/install/interfaces/share/interfaces/local_setup.dsv
[0.944s] -- Installing: /workspace/src/install/interfaces/share/interfaces/package.dsv
[0.945s] -- Installing: /workspace/src/install/interfaces/share/ament_index/resource_index/packages/interfaces
[0.945s] -- Installing: /workspace/src/install/interfaces/share/interfaces/cmake/interfacesConfig.cmake
[0.945s] -- Installing: /workspace/src/install/interfaces/share/interfaces/cmake/interfacesConfig-version.cmake
[0.945s] -- Installing: /workspace/src/install/interfaces/share/interfaces/package.xml
[0.946s] Invoked command in '/workspace/src/build/interfaces' returned '0': CMAKE_PREFIX_PATH=${CMAKE_PREFIX_PATH}:/workspace/install/py_srvcli:/workspace/install/py_pubsub:/workspace/install/phidget:/workspace/install/master:/workspace/install/detection:/workspace/install/controller:/workspace/install/camera:/workspace/install/autoDrive:/opt/ros/jazzy /usr/bin/cmake --install /workspace/src/build/interfaces
