[0.693s] Invoking command in '/workspace/src/py_pubsub': PYTHONPATH=/workspace/src/build/py_pubsub/prefix_override:/usr/lib/python3/dist-packages/colcon_core/task/python/colcon_distutils_commands:/workspace/src/install/py_pubsub/lib/python3.12/site-packages:${PYTHONPATH} /usr/bin/python3 -W ignore:setup.py install is deprecated -W ignore:easy_install command is deprecated setup.py egg_info --egg-base ../build/py_pubsub build --build-base /workspace/src/build/py_pubsub/build install --record /workspace/src/build/py_pubsub/install.log --single-version-externally-managed install_data
[0.895s] running egg_info
[0.895s] creating ../build/py_pubsub/py_pubsub.egg-info
[0.908s] writing ../build/py_pubsub/py_pubsub.egg-info/PKG-INFO
[0.908s] writing dependency_links to ../build/py_pubsub/py_pubsub.egg-info/dependency_links.txt
[0.909s] writing entry points to ../build/py_pubsub/py_pubsub.egg-info/entry_points.txt
[0.909s] writing requirements to ../build/py_pubsub/py_pubsub.egg-info/requires.txt
[0.909s] writing top-level names to ../build/py_pubsub/py_pubsub.egg-info/top_level.txt
[0.909s] writing manifest file '../build/py_pubsub/py_pubsub.egg-info/SOURCES.txt'
[0.938s] reading manifest file '../build/py_pubsub/py_pubsub.egg-info/SOURCES.txt'
[0.939s] adding license file 'LICENSE'
[0.939s] writing manifest file '../build/py_pubsub/py_pubsub.egg-info/SOURCES.txt'
[0.939s] running build
[0.939s] running build_py
[0.939s] creating /workspace/src/build/py_pubsub/build
[0.939s] creating /workspace/src/build/py_pubsub/build/lib
[0.940s] creating /workspace/src/build/py_pubsub/build/lib/py_pubsub
[0.940s] copying py_pubsub/publisher_member_function.py -> /workspace/src/build/py_pubsub/build/lib/py_pubsub
[0.940s] copying py_pubsub/__init__.py -> /workspace/src/build/py_pubsub/build/lib/py_pubsub
[0.940s] copying py_pubsub/subscriber_member_function.py -> /workspace/src/build/py_pubsub/build/lib/py_pubsub
[0.940s] running install
[0.946s] running install_lib
[0.961s] creating /workspace/src/install/py_pubsub/lib/python3.12/site-packages/py_pubsub
[0.961s] copying /workspace/src/build/py_pubsub/build/lib/py_pubsub/publisher_member_function.py -> /workspace/src/install/py_pubsub/lib/python3.12/site-packages/py_pubsub
[0.962s] copying /workspace/src/build/py_pubsub/build/lib/py_pubsub/__init__.py -> /workspace/src/install/py_pubsub/lib/python3.12/site-packages/py_pubsub
[0.962s] copying /workspace/src/build/py_pubsub/build/lib/py_pubsub/subscriber_member_function.py -> /workspace/src/install/py_pubsub/lib/python3.12/site-packages/py_pubsub
[0.962s] byte-compiling /workspace/src/install/py_pubsub/lib/python3.12/site-packages/py_pubsub/publisher_member_function.py to publisher_member_function.cpython-312.pyc
[0.963s] byte-compiling /workspace/src/install/py_pubsub/lib/python3.12/site-packages/py_pubsub/__init__.py to __init__.cpython-312.pyc
[0.963s] byte-compiling /workspace/src/install/py_pubsub/lib/python3.12/site-packages/py_pubsub/subscriber_member_function.py to subscriber_member_function.cpython-312.pyc
[0.963s] running install_data
[0.963s] creating /workspace/src/install/py_pubsub/share/ament_index
[0.963s] creating /workspace/src/install/py_pubsub/share/ament_index/resource_index
[0.963s] creating /workspace/src/install/py_pubsub/share/ament_index/resource_index/packages
[0.963s] copying resource/py_pubsub -> /workspace/src/install/py_pubsub/share/ament_index/resource_index/packages
[0.964s] copying package.xml -> /workspace/src/install/py_pubsub/share/py_pubsub
[0.964s] creating /workspace/src/install/py_pubsub/share/py_pubsub/launch
[0.964s] copying launch/my_script_launch.py -> /workspace/src/install/py_pubsub/share/py_pubsub/launch
[0.964s] running install_egg_info
[0.991s] Copying ../build/py_pubsub/py_pubsub.egg-info to /workspace/src/install/py_pubsub/lib/python3.12/site-packages/py_pubsub-0.0.0-py3.12.egg-info
[0.992s] running install_scripts
[1.117s] Installing listener script to /workspace/src/install/py_pubsub/lib/py_pubsub
[1.117s] Installing talker script to /workspace/src/install/py_pubsub/lib/py_pubsub
[1.118s] writing list of installed files to '/workspace/src/build/py_pubsub/install.log'
[1.148s] Invoked command in '/workspace/src/py_pubsub' returned '0': PYTHONPATH=/workspace/src/build/py_pubsub/prefix_override:/usr/lib/python3/dist-packages/colcon_core/task/python/colcon_distutils_commands:/workspace/src/install/py_pubsub/lib/python3.12/site-packages:${PYTHONPATH} /usr/bin/python3 -W ignore:setup.py install is deprecated -W ignore:easy_install command is deprecated setup.py egg_info --egg-base ../build/py_pubsub build --build-base /workspace/src/build/py_pubsub/build install --record /workspace/src/build/py_pubsub/install.log --single-version-externally-managed install_data
